<?xml version="1.0" encoding="UTF-8"?>
<coverage generated="1691547366369" clover="3.2.0">
  <project timestamp="1691547366369" name="All files">
    <metrics statements="25" coveredstatements="24" conditionals="8" coveredconditionals="6" methods="6" coveredmethods="5" elements="39" coveredelements="35" complexity="0" loc="25" ncloc="25" packages="1" files="4" classes="4"/>
    <file name="Parking.entity.ts" path="/Users/edgar/Projects/samples/parco/src/Parking/domain/Parking.entity.ts">
      <metrics statements="5" coveredstatements="5" conditionals="0" coveredconditionals="0" methods="1" coveredmethods="1"/>
      <line num="1" count="1" type="stmt"/>
      <line num="11" count="1" type="stmt"/>
      <line num="12" count="3" type="stmt"/>
      <line num="13" count="1" type="stmt"/>
      <line num="15" count="1" type="stmt"/>
    </file>
    <file name="ParkingType.ts" path="/Users/edgar/Projects/samples/parco/src/Parking/domain/ParkingType.ts">
      <metrics statements="11" coveredstatements="11" conditionals="5" coveredconditionals="4" methods="3" coveredmethods="3"/>
      <line num="1" count="1" type="stmt"/>
      <line num="2" count="1" type="stmt"/>
      <line num="4" count="1" type="cond" truecount="2" falsecount="0"/>
      <line num="5" count="1" type="stmt"/>
      <line num="6" count="1" type="stmt"/>
      <line num="7" count="1" type="stmt"/>
      <line num="12" count="1" type="stmt"/>
      <line num="13" count="3" type="cond" truecount="1" falsecount="0"/>
      <line num="15" count="2" type="cond" truecount="1" falsecount="0"/>
      <line num="18" count="1" type="stmt"/>
      <line num="19" count="1" type="cond" truecount="0" falsecount="1"/>
    </file>
    <file name="UserType.ts" path="/Users/edgar/Projects/samples/parco/src/Parking/domain/UserType.ts">
      <metrics statements="6" coveredstatements="5" conditionals="3" coveredconditionals="2" methods="2" coveredmethods="1"/>
      <line num="1" count="1" type="cond" truecount="2" falsecount="0"/>
      <line num="2" count="1" type="stmt"/>
      <line num="3" count="1" type="stmt"/>
      <line num="4" count="1" type="stmt"/>
      <line num="9" count="1" type="stmt"/>
      <line num="10" count="0" type="cond" truecount="0" falsecount="1"/>
    </file>
    <file name="index.ts" path="/Users/edgar/Projects/samples/parco/src/Parking/domain/index.ts">
      <metrics statements="3" coveredstatements="3" conditionals="0" coveredconditionals="0" methods="0" coveredmethods="0"/>
      <line num="1" count="1" type="stmt"/>
      <line num="2" count="1" type="stmt"/>
      <line num="3" count="1" type="stmt"/>
    </file>
  </project>
</coverage>
