{"/Users/edgar/Projects/samples/parco/src/Parking/application/ParkingUseCases.ts": {"path":"/Users/edgar/Projects/samples/parco/src/Parking/application/ParkingUseCases.ts","statementMap":{"0":{"start":{"line":1,"column":0},"end":{"line":1,"column":44}},"1":{"start":{"line":2,"column":0},"end":{"line":2,"column":42}},"2":{"start":{"line":3,"column":0},"end":{"line":3,"column":null}},"3":{"start":{"line":30,"column":15},"end":{"line":49,"column":3}},"4":{"start":{"line":31,"column":4},"end":{"line":48,"column":null}},"5":{"start":{"line":32,"column":37},"end":{"line":38,"column":null}},"6":{"start":{"line":39,"column":22},"end":{"line":39,"column":44}},"7":{"start":{"line":40,"column":20},"end":{"line":40,"column":57}},"8":{"start":{"line":41,"column":6},"end":{"line":41,"column":null}},"9":{"start":{"line":43,"column":6},"end":{"line":47,"column":null}},"10":{"start":{"line":51,"column":15},"end":{"line":75,"column":3}},"11":{"start":{"line":52,"column":4},"end":{"line":74,"column":null}},"12":{"start":{"line":53,"column":38},"end":{"line":58,"column":null}},"13":{"start":{"line":60,"column":26},"end":{"line":60,"column":66}},"14":{"start":{"line":62,"column":6},"end":{"line":62,"column":null}},"15":{"start":{"line":63,"column":6},"end":{"line":66,"column":null}},"16":{"start":{"line":68,"column":6},"end":{"line":68,"column":null}},"17":{"start":{"line":69,"column":6},"end":{"line":73,"column":null}},"18":{"start":{"line":77,"column":15},"end":{"line":92,"column":3}},"19":{"start":{"line":78,"column":4},"end":{"line":91,"column":null}},"20":{"start":{"line":79,"column":22},"end":{"line":79,"column":80}},"21":{"start":{"line":80,"column":6},"end":{"line":80,"column":null}},"22":{"start":{"line":82,"column":6},"end":{"line":82,"column":null}},"23":{"start":{"line":84,"column":6},"end":{"line":84,"column":null}},"24":{"start":{"line":86,"column":6},"end":{"line":90,"column":null}},"25":{"start":{"line":94,"column":19},"end":{"line":123,"column":3}},"26":{"start":{"line":95,"column":4},"end":{"line":122,"column":null}},"27":{"start":{"line":96,"column":22},"end":{"line":96,"column":89}},"28":{"start":{"line":97,"column":6},"end":{"line":103,"column":null}},"29":{"start":{"line":98,"column":8},"end":{"line":102,"column":null}},"30":{"start":{"line":105,"column":21},"end":{"line":105,"column":90}},"31":{"start":{"line":107,"column":6},"end":{"line":113,"column":null}},"32":{"start":{"line":108,"column":8},"end":{"line":112,"column":null}},"33":{"start":{"line":115,"column":6},"end":{"line":115,"column":null}},"34":{"start":{"line":117,"column":6},"end":{"line":121,"column":null}},"35":{"start":{"line":125,"column":2},"end":{"line":130,"column":null}},"36":{"start":{"line":29,"column":0},"end":{"line":29,"column":16}}},"fnMap":{"0":{"name":"ParkingLotActions","decl":{"start":{"line":29,"column":16},"end":{"line":29,"column":33}},"loc":{"start":{"line":29,"column":74},"end":{"line":131,"column":1}}},"1":{"name":"(anonymous_1)","decl":{"start":{"line":30,"column":15},"end":{"line":30,"column":20}},"loc":{"start":{"line":30,"column":71},"end":{"line":49,"column":3}}},"2":{"name":"(anonymous_2)","decl":{"start":{"line":51,"column":15},"end":{"line":51,"column":20}},"loc":{"start":{"line":51,"column":67},"end":{"line":75,"column":3}}},"3":{"name":"(anonymous_3)","decl":{"start":{"line":77,"column":15},"end":{"line":77,"column":20}},"loc":{"start":{"line":77,"column":99},"end":{"line":92,"column":3}}},"4":{"name":"(anonymous_4)","decl":{"start":{"line":94,"column":19},"end":{"line":94,"column":24}},"loc":{"start":{"line":94,"column":100},"end":{"line":123,"column":3}}}},"branchMap":{"0":{"loc":{"start":{"line":97,"column":6},"end":{"line":103,"column":null}},"type":"if","locations":[{"start":{"line":97,"column":6},"end":{"line":103,"column":null}}]},"1":{"loc":{"start":{"line":107,"column":6},"end":{"line":113,"column":null}},"type":"if","locations":[{"start":{"line":107,"column":6},"end":{"line":113,"column":null}}]}},"s":{"0":2,"1":2,"2":2,"3":2,"4":2,"5":2,"6":2,"7":2,"8":2,"9":0,"10":2,"11":0,"12":0,"13":0,"14":0,"15":0,"16":0,"17":0,"18":2,"19":0,"20":0,"21":0,"22":0,"23":0,"24":0,"25":2,"26":0,"27":0,"28":0,"29":0,"30":0,"31":0,"32":0,"33":0,"34":0,"35":2,"36":2},"f":{"0":2,"1":2,"2":0,"3":0,"4":0},"b":{"0":[0],"1":[0]}}
,"/Users/edgar/Projects/samples/parco/src/Parking/application/index.ts": {"path":"/Users/edgar/Projects/samples/parco/src/Parking/application/index.ts","statementMap":{"0":{"start":{"line":1,"column":0},"end":{"line":1,"column":33}}},"fnMap":{},"branchMap":{},"s":{"0":1},"f":{},"b":{}}
,"/Users/edgar/Projects/samples/parco/src/Parking/domain/Parking.entity.ts": {"path":"/Users/edgar/Projects/samples/parco/src/Parking/domain/Parking.entity.ts","statementMap":{"0":{"start":{"line":2,"column":0},"end":{"line":2,"column":86}},"1":{"start":{"line":3,"column":0},"end":{"line":3,"column":41}},"2":{"start":{"line":14,"column":2},"end":{"line":14,"column":null}},"3":{"start":{"line":15,"column":2},"end":{"line":15,"column":null}},"4":{"start":{"line":17,"column":2},"end":{"line":23,"column":null}},"5":{"start":{"line":13,"column":0},"end":{"line":13,"column":16}},"6":{"start":{"line":26,"column":43},"end":{"line":81,"column":1}},"7":{"start":{"line":27,"column":19},"end":{"line":36,"column":3}},"8":{"start":{"line":28,"column":39},"end":{"line":32,"column":null}},"9":{"start":{"line":29,"column":35},"end":{"line":29,"column":52}},"10":{"start":{"line":30,"column":35},"end":{"line":30,"column":52}},"11":{"start":{"line":31,"column":36},"end":{"line":31,"column":54}},"12":{"start":{"line":35,"column":4},"end":{"line":35,"column":null}},"13":{"start":{"line":38,"column":26},"end":{"line":43,"column":3}},"14":{"start":{"line":39,"column":4},"end":{"line":41,"column":null}},"15":{"start":{"line":40,"column":6},"end":{"line":40,"column":null}},"16":{"start":{"line":42,"column":4},"end":{"line":42,"column":null}},"17":{"start":{"line":45,"column":27},"end":{"line":50,"column":3}},"18":{"start":{"line":46,"column":4},"end":{"line":48,"column":null}},"19":{"start":{"line":47,"column":6},"end":{"line":47,"column":null}},"20":{"start":{"line":49,"column":4},"end":{"line":49,"column":null}},"21":{"start":{"line":52,"column":26},"end":{"line":56,"column":3}},"22":{"start":{"line":53,"column":16},"end":{"line":53,"column":26}},"23":{"start":{"line":54,"column":22},"end":{"line":54,"column":34}},"24":{"start":{"line":55,"column":4},"end":{"line":55,"column":44}},"25":{"start":{"line":58,"column":26},"end":{"line":62,"column":3}},"26":{"start":{"line":59,"column":16},"end":{"line":59,"column":26}},"27":{"start":{"line":60,"column":22},"end":{"line":60,"column":34}},"28":{"start":{"line":61,"column":4},"end":{"line":61,"column":46}},"29":{"start":{"line":64,"column":28},"end":{"line":66,"column":3}},"30":{"start":{"line":65,"column":4},"end":{"line":65,"column":null}},"31":{"start":{"line":68,"column":23},"end":{"line":70,"column":3}},"32":{"start":{"line":69,"column":4},"end":{"line":69,"column":null}},"33":{"start":{"line":72,"column":23},"end":{"line":74,"column":3}},"34":{"start":{"line":73,"column":4},"end":{"line":73,"column":null}},"35":{"start":{"line":76,"column":34},"end":{"line":78,"column":3}},"36":{"start":{"line":77,"column":4},"end":{"line":77,"column":null}},"37":{"start":{"line":80,"column":2},"end":{"line":80,"column":null}},"38":{"start":{"line":26,"column":13},"end":{"line":26,"column":43}}},"fnMap":{"0":{"name":"ParkingLot","decl":{"start":{"line":13,"column":16},"end":{"line":13,"column":26}},"loc":{"start":{"line":13,"column":47},"end":{"line":24,"column":1}}},"1":{"name":"(anonymous_1)","decl":{"start":{"line":26,"column":43},"end":{"line":26,"column":44}},"loc":{"start":{"line":26,"column":114},"end":{"line":81,"column":1}}},"2":{"name":"(anonymous_2)","decl":{"start":{"line":27,"column":19},"end":{"line":27,"column":42}},"loc":{"start":{"line":27,"column":44},"end":{"line":36,"column":3}}},"3":{"name":"(anonymous_3)","decl":{"start":{"line":29,"column":28},"end":{"line":29,"column":31}},"loc":{"start":{"line":29,"column":35},"end":{"line":29,"column":52}}},"4":{"name":"(anonymous_4)","decl":{"start":{"line":30,"column":29},"end":{"line":30,"column":32}},"loc":{"start":{"line":30,"column":35},"end":{"line":30,"column":52}}},"5":{"name":"(anonymous_5)","decl":{"start":{"line":31,"column":30},"end":{"line":31,"column":33}},"loc":{"start":{"line":31,"column":36},"end":{"line":31,"column":54}}},"6":{"name":"(anonymous_6)","decl":{"start":{"line":38,"column":26},"end":{"line":38,"column":49}},"loc":{"start":{"line":38,"column":51},"end":{"line":43,"column":3}}},"7":{"name":"(anonymous_7)","decl":{"start":{"line":45,"column":27},"end":{"line":45,"column":50}},"loc":{"start":{"line":45,"column":52},"end":{"line":50,"column":3}}},"8":{"name":"(anonymous_8)","decl":{"start":{"line":52,"column":26},"end":{"line":52,"column":38}},"loc":{"start":{"line":52,"column":40},"end":{"line":56,"column":3}}},"9":{"name":"(anonymous_9)","decl":{"start":{"line":58,"column":26},"end":{"line":58,"column":38}},"loc":{"start":{"line":58,"column":40},"end":{"line":62,"column":3}}},"10":{"name":"(anonymous_10)","decl":{"start":{"line":64,"column":28},"end":{"line":64,"column":51}},"loc":{"start":{"line":64,"column":53},"end":{"line":66,"column":3}}},"11":{"name":"(anonymous_11)","decl":{"start":{"line":68,"column":23},"end":{"line":68,"column":46}},"loc":{"start":{"line":68,"column":48},"end":{"line":70,"column":3}}},"12":{"name":"(anonymous_12)","decl":{"start":{"line":72,"column":23},"end":{"line":72,"column":46}},"loc":{"start":{"line":72,"column":48},"end":{"line":74,"column":3}}},"13":{"name":"(anonymous_13)","decl":{"start":{"line":76,"column":34},"end":{"line":76,"column":57}},"loc":{"start":{"line":76,"column":59},"end":{"line":78,"column":3}}}},"branchMap":{"0":{"loc":{"start":{"line":35,"column":11},"end":{"line":35,"column":122}},"type":"cond-expr","locations":[{"start":{"line":35,"column":53},"end":{"line":35,"column":94}},{"start":{"line":35,"column":97},"end":{"line":35,"column":122}}]},"1":{"loc":{"start":{"line":39,"column":4},"end":{"line":41,"column":null}},"type":"if","locations":[{"start":{"line":39,"column":4},"end":{"line":41,"column":null}}]},"2":{"loc":{"start":{"line":40,"column":13},"end":{"line":40,"column":67}},"type":"cond-expr","locations":[{"start":{"line":40,"column":33},"end":{"line":40,"column":50}},{"start":{"line":40,"column":53},"end":{"line":40,"column":67}}]},"3":{"loc":{"start":{"line":46,"column":4},"end":{"line":48,"column":null}},"type":"if","locations":[{"start":{"line":46,"column":4},"end":{"line":48,"column":null}}]},"4":{"loc":{"start":{"line":47,"column":13},"end":{"line":47,"column":67}},"type":"cond-expr","locations":[{"start":{"line":47,"column":33},"end":{"line":47,"column":50}},{"start":{"line":47,"column":53},"end":{"line":47,"column":67}}]},"5":{"loc":{"start":{"line":55,"column":11},"end":{"line":55,"column":43}},"type":"binary-expr","locations":[{"start":{"line":55,"column":11},"end":{"line":55,"column":25}},{"start":{"line":55,"column":29},"end":{"line":55,"column":43}}]},"6":{"loc":{"start":{"line":61,"column":11},"end":{"line":61,"column":45}},"type":"binary-expr","locations":[{"start":{"line":61,"column":11},"end":{"line":61,"column":26}},{"start":{"line":61,"column":30},"end":{"line":61,"column":45}}]}},"s":{"0":3,"1":3,"2":5,"3":3,"4":3,"5":3,"6":3,"7":0,"8":0,"9":0,"10":0,"11":0,"12":0,"13":0,"14":0,"15":0,"16":0,"17":0,"18":0,"19":0,"20":0,"21":0,"22":0,"23":0,"24":0,"25":0,"26":0,"27":0,"28":0,"29":0,"30":0,"31":0,"32":0,"33":0,"34":0,"35":0,"36":0,"37":0,"38":3},"f":{"0":5,"1":0,"2":0,"3":0,"4":0,"5":0,"6":0,"7":0,"8":0,"9":0,"10":0,"11":0,"12":0,"13":0},"b":{"0":[0,0],"1":[0],"2":[0,0],"3":[0],"4":[0,0],"5":[0,0],"6":[0,0]}}
,"/Users/edgar/Projects/samples/parco/src/Parking/domain/ParkingType.ts": {"path":"/Users/edgar/Projects/samples/parco/src/Parking/domain/ParkingType.ts","statementMap":{"0":{"start":{"line":1,"column":18},"end":{"line":1,"column":22}},"1":{"start":{"line":2,"column":18},"end":{"line":2,"column":20}},"2":{"start":{"line":4,"column":0},"end":{"line":4,"column":null}},"3":{"start":{"line":5,"column":2},"end":{"line":5,"column":null}},"4":{"start":{"line":6,"column":2},"end":{"line":6,"column":null}},"5":{"start":{"line":7,"column":2},"end":{"line":7,"column":null}},"6":{"start":{"line":13,"column":2},"end":{"line":13,"column":null}},"7":{"start":{"line":13,"column":25},"end":{"line":13,"column":null}},"8":{"start":{"line":15,"column":2},"end":{"line":15,"column":null}},"9":{"start":{"line":15,"column":25},"end":{"line":15,"column":null}},"10":{"start":{"line":12,"column":0},"end":{"line":12,"column":16}},"11":{"start":{"line":19,"column":2},"end":{"line":19,"column":null}},"12":{"start":{"line":19,"column":57},"end":{"line":19,"column":null}},"13":{"start":{"line":18,"column":0},"end":{"line":18,"column":16}}},"fnMap":{"0":{"name":"(anonymous_0)","decl":{"start":{"line":4,"column":0},"end":{"line":4,"column":12}},"loc":{"start":{"line":4,"column":23},"end":{"line":8,"column":1}}},"1":{"name":"validateParkingSpots","decl":{"start":{"line":12,"column":16},"end":{"line":12,"column":36}},"loc":{"start":{"line":12,"column":51},"end":{"line":16,"column":1}}},"2":{"name":"validateParkingType","decl":{"start":{"line":18,"column":16},"end":{"line":18,"column":35}},"loc":{"start":{"line":18,"column":61},"end":{"line":20,"column":1}}}},"branchMap":{"0":{"loc":{"start":{"line":4,"column":12},"end":{"line":4,"column":null}},"type":"binary-expr","locations":[{"start":{"line":4,"column":12},"end":{"line":4,"column":23}},{"start":{"line":4,"column":23},"end":{"line":4,"column":null}}]},"1":{"loc":{"start":{"line":13,"column":2},"end":{"line":13,"column":null}},"type":"if","locations":[{"start":{"line":13,"column":2},"end":{"line":13,"column":null}}]},"2":{"loc":{"start":{"line":15,"column":2},"end":{"line":15,"column":null}},"type":"if","locations":[{"start":{"line":15,"column":2},"end":{"line":15,"column":null}}]},"3":{"loc":{"start":{"line":19,"column":2},"end":{"line":19,"column":null}},"type":"if","locations":[{"start":{"line":19,"column":2},"end":{"line":19,"column":null}}]}},"s":{"0":3,"1":3,"2":3,"3":3,"4":3,"5":3,"6":5,"7":1,"8":4,"9":1,"10":3,"11":3,"12":0,"13":3},"f":{"0":3,"1":5,"2":3},"b":{"0":[3,3],"1":[1],"2":[1],"3":[0]}}
,"/Users/edgar/Projects/samples/parco/src/Parking/domain/UserType.ts": {"path":"/Users/edgar/Projects/samples/parco/src/Parking/domain/UserType.ts","statementMap":{"0":{"start":{"line":1,"column":0},"end":{"line":1,"column":null}},"1":{"start":{"line":2,"column":2},"end":{"line":2,"column":null}},"2":{"start":{"line":3,"column":2},"end":{"line":3,"column":null}},"3":{"start":{"line":4,"column":2},"end":{"line":4,"column":null}},"4":{"start":{"line":10,"column":2},"end":{"line":10,"column":null}},"5":{"start":{"line":10,"column":55},"end":{"line":10,"column":null}},"6":{"start":{"line":9,"column":0},"end":{"line":9,"column":16}}},"fnMap":{"0":{"name":"(anonymous_0)","decl":{"start":{"line":1,"column":0},"end":{"line":1,"column":12}},"loc":{"start":{"line":1,"column":24},"end":{"line":5,"column":1}}},"1":{"name":"validateUserType","decl":{"start":{"line":9,"column":16},"end":{"line":9,"column":32}},"loc":{"start":{"line":9,"column":52},"end":{"line":11,"column":1}}}},"branchMap":{"0":{"loc":{"start":{"line":1,"column":12},"end":{"line":1,"column":null}},"type":"binary-expr","locations":[{"start":{"line":1,"column":12},"end":{"line":1,"column":24}},{"start":{"line":1,"column":24},"end":{"line":1,"column":null}}]},"1":{"loc":{"start":{"line":10,"column":2},"end":{"line":10,"column":null}},"type":"if","locations":[{"start":{"line":10,"column":2},"end":{"line":10,"column":null}}]}},"s":{"0":3,"1":3,"2":3,"3":3,"4":0,"5":0,"6":3},"f":{"0":3,"1":0},"b":{"0":[3,3],"1":[0]}}
,"/Users/edgar/Projects/samples/parco/src/Parking/domain/index.ts": {"path":"/Users/edgar/Projects/samples/parco/src/Parking/domain/index.ts","statementMap":{"0":{"start":{"line":1,"column":0},"end":{"line":1,"column":32}},"1":{"start":{"line":2,"column":0},"end":{"line":2,"column":29}},"2":{"start":{"line":3,"column":0},"end":{"line":3,"column":26}},"3":{"start":{"line":4,"column":0},"end":{"line":4,"column":35}}},"fnMap":{},"branchMap":{},"s":{"0":3,"1":3,"2":3,"3":3},"f":{},"b":{}}
,"/Users/edgar/Projects/samples/parco/src/Parking/infra/gateway/ requestDTO.ts": {"path":"/Users/edgar/Projects/samples/parco/src/Parking/infra/gateway/ requestDTO.ts","statementMap":{"0":{"start":{"line":1,"column":0},"end":{"line":1,"column":21}},"1":{"start":{"line":3,"column":0},"end":{"line":3,"column":43}},"2":{"start":{"line":5,"column":13},"end":{"line":10,"column":null}},"3":{"start":{"line":12,"column":26},"end":{"line":17,"column":2}},"4":{"start":{"line":19,"column":22},"end":{"line":22,"column":2}},"5":{"start":{"line":24,"column":34},"end":{"line":32,"column":1}},"6":{"start":{"line":25,"column":20},"end":{"line":25,"column":68}},"7":{"start":{"line":27,"column":2},"end":{"line":29,"column":null}},"8":{"start":{"line":28,"column":4},"end":{"line":28,"column":null}},"9":{"start":{"line":31,"column":2},"end":{"line":31,"column":null}},"10":{"start":{"line":24,"column":13},"end":{"line":24,"column":34}},"11":{"start":{"line":34,"column":38},"end":{"line":40,"column":1}},"12":{"start":{"line":35,"column":20},"end":{"line":35,"column":58}},"13":{"start":{"line":37,"column":2},"end":{"line":37,"column":null}},"14":{"start":{"line":37,"column":23},"end":{"line":37,"column":36}},"15":{"start":{"line":39,"column":2},"end":{"line":39,"column":null}},"16":{"start":{"line":34,"column":13},"end":{"line":34,"column":38}},"17":{"start":{"line":42,"column":42},"end":{"line":47,"column":1}},"18":{"start":{"line":43,"column":20},"end":{"line":43,"column":54}},"19":{"start":{"line":44,"column":2},"end":{"line":44,"column":null}},"20":{"start":{"line":44,"column":23},"end":{"line":44,"column":36}},"21":{"start":{"line":46,"column":2},"end":{"line":46,"column":null}},"22":{"start":{"line":42,"column":13},"end":{"line":42,"column":42}}},"fnMap":{"0":{"name":"(anonymous_1)","decl":{"start":{"line":24,"column":34},"end":{"line":24,"column":35}},"loc":{"start":{"line":24,"column":63},"end":{"line":32,"column":1}}},"1":{"name":"(anonymous_2)","decl":{"start":{"line":34,"column":38},"end":{"line":34,"column":39}},"loc":{"start":{"line":34,"column":67},"end":{"line":40,"column":1}}},"2":{"name":"(anonymous_3)","decl":{"start":{"line":42,"column":42},"end":{"line":42,"column":43}},"loc":{"start":{"line":42,"column":71},"end":{"line":47,"column":1}}}},"branchMap":{"0":{"loc":{"start":{"line":27,"column":2},"end":{"line":29,"column":null}},"type":"if","locations":[{"start":{"line":27,"column":2},"end":{"line":29,"column":null}}]},"1":{"loc":{"start":{"line":37,"column":2},"end":{"line":37,"column":null}},"type":"if","locations":[{"start":{"line":37,"column":2},"end":{"line":37,"column":null}}]},"2":{"loc":{"start":{"line":44,"column":2},"end":{"line":44,"column":null}},"type":"if","locations":[{"start":{"line":44,"column":2},"end":{"line":44,"column":null}}]}},"s":{"0":1,"1":1,"2":1,"3":1,"4":1,"5":1,"6":2,"7":2,"8":1,"9":1,"10":1,"11":1,"12":0,"13":0,"14":0,"15":0,"16":1,"17":1,"18":0,"19":0,"20":0,"21":0,"22":1},"f":{"0":2,"1":0,"2":0},"b":{"0":[1],"1":[0],"2":[0]}}
,"/Users/edgar/Projects/samples/parco/src/Parking/infra/gateway/graphql/index.ts": {"path":"/Users/edgar/Projects/samples/parco/src/Parking/infra/gateway/graphql/index.ts","statementMap":{"0":{"start":{"line":1,"column":0},"end":{"line":1,"column":23}},"1":{"start":{"line":2,"column":0},"end":{"line":2,"column":27}}},"fnMap":{},"branchMap":{},"s":{"0":1,"1":1},"f":{},"b":{}}
,"/Users/edgar/Projects/samples/parco/src/Parking/infra/gateway/graphql/query.ts": {"path":"/Users/edgar/Projects/samples/parco/src/Parking/infra/gateway/graphql/query.ts","statementMap":{"0":{"start":{"line":1,"column":13},"end":{"line":26,"column":null}},"1":{"start":{"line":28,"column":13},"end":{"line":30,"column":null}},"2":{"start":{"line":32,"column":13},"end":{"line":32,"column":null}},"3":{"start":{"line":34,"column":13},"end":{"line":34,"column":null}},"4":{"start":{"line":36,"column":13},"end":{"line":36,"column":null}}},"fnMap":{},"branchMap":{},"s":{"0":1,"1":1,"2":1,"3":1,"4":1},"f":{},"b":{}}
,"/Users/edgar/Projects/samples/parco/src/Parking/infra/gateway/graphql/resolvers.ts": {"path":"/Users/edgar/Projects/samples/parco/src/Parking/infra/gateway/graphql/resolvers.ts","statementMap":{"0":{"start":{"line":1,"column":0},"end":{"line":1,"column":103}},"1":{"start":{"line":2,"column":0},"end":{"line":2,"column":56}},"2":{"start":{"line":3,"column":0},"end":{"line":3,"column":50}},"3":{"start":{"line":5,"column":39},"end":{"line":5,"column":72}},"4":{"start":{"line":7,"column":13},"end":{"line":93,"column":null}},"5":{"start":{"line":9,"column":4},"end":{"line":23,"column":null}},"6":{"start":{"line":10,"column":22},"end":{"line":10,"column":47}},"7":{"start":{"line":12,"column":6},"end":{"line":14,"column":null}},"8":{"start":{"line":13,"column":8},"end":{"line":13,"column":null}},"9":{"start":{"line":16,"column":19},"end":{"line":16,"column":36}},"10":{"start":{"line":18,"column":6},"end":{"line":20,"column":null}},"11":{"start":{"line":22,"column":6},"end":{"line":22,"column":null}},"12":{"start":{"line":26,"column":4},"end":{"line":46,"column":null}},"13":{"start":{"line":27,"column":22},"end":{"line":27,"column":89}},"14":{"start":{"line":29,"column":6},"end":{"line":31,"column":null}},"15":{"start":{"line":30,"column":8},"end":{"line":30,"column":null}},"16":{"start":{"line":33,"column":26},"end":{"line":38,"column":8}},"17":{"start":{"line":40,"column":6},"end":{"line":43,"column":null}},"18":{"start":{"line":45,"column":6},"end":{"line":45,"column":null}},"19":{"start":{"line":49,"column":4},"end":{"line":57,"column":null}},"20":{"start":{"line":50,"column":22},"end":{"line":50,"column":70}},"21":{"start":{"line":52,"column":6},"end":{"line":54,"column":null}},"22":{"start":{"line":56,"column":6},"end":{"line":56,"column":null}},"23":{"start":{"line":60,"column":4},"end":{"line":91,"column":null}},"24":{"start":{"line":61,"column":20},"end":{"line":61,"column":53}},"25":{"start":{"line":63,"column":6},"end":{"line":69,"column":null}},"26":{"start":{"line":64,"column":8},"end":{"line":68,"column":null}},"27":{"start":{"line":71,"column":27},"end":{"line":71,"column":74}},"28":{"start":{"line":73,"column":6},"end":{"line":79,"column":null}},"29":{"start":{"line":74,"column":8},"end":{"line":78,"column":null}},"30":{"start":{"line":81,"column":6},"end":{"line":84,"column":null}},"31":{"start":{"line":86,"column":6},"end":{"line":90,"column":null}}},"fnMap":{"0":{"name":"(anonymous_0)","decl":{"start":{"line":8,"column":17},"end":{"line":8,"column":22}},"loc":{"start":{"line":8,"column":38},"end":{"line":24,"column":3}}},"1":{"name":"(anonymous_1)","decl":{"start":{"line":25,"column":18},"end":{"line":25,"column":23}},"loc":{"start":{"line":25,"column":98},"end":{"line":47,"column":3}}},"2":{"name":"(anonymous_2)","decl":{"start":{"line":48,"column":15},"end":{"line":48,"column":20}},"loc":{"start":{"line":48,"column":36},"end":{"line":58,"column":3}}},"3":{"name":"(anonymous_3)","decl":{"start":{"line":59,"column":12},"end":{"line":59,"column":17}},"loc":{"start":{"line":59,"column":33},"end":{"line":92,"column":3}}}},"branchMap":{"0":{"loc":{"start":{"line":12,"column":6},"end":{"line":14,"column":null}},"type":"if","locations":[{"start":{"line":12,"column":6},"end":{"line":14,"column":null}}]},"1":{"loc":{"start":{"line":25,"column":27},"end":{"line":25,"column":35}},"type":"default-arg","locations":[{"start":{"line":25,"column":34},"end":{"line":25,"column":35}}]},"2":{"loc":{"start":{"line":25,"column":37},"end":{"line":25,"column":47}},"type":"default-arg","locations":[{"start":{"line":25,"column":45},"end":{"line":25,"column":47}}]},"3":{"loc":{"start":{"line":25,"column":49},"end":{"line":25,"column":68}},"type":"default-arg","locations":[{"start":{"line":25,"column":62},"end":{"line":25,"column":68}}]},"4":{"loc":{"start":{"line":25,"column":70},"end":{"line":25,"column":92}},"type":"default-arg","locations":[{"start":{"line":25,"column":87},"end":{"line":25,"column":92}}]},"5":{"loc":{"start":{"line":29,"column":6},"end":{"line":31,"column":null}},"type":"if","locations":[{"start":{"line":29,"column":6},"end":{"line":31,"column":null}}]},"6":{"loc":{"start":{"line":63,"column":6},"end":{"line":69,"column":null}},"type":"if","locations":[{"start":{"line":63,"column":6},"end":{"line":69,"column":null}}]},"7":{"loc":{"start":{"line":73,"column":6},"end":{"line":79,"column":null}},"type":"if","locations":[{"start":{"line":73,"column":6},"end":{"line":79,"column":null}}]}},"s":{"0":1,"1":1,"2":1,"3":1,"4":1,"5":2,"6":2,"7":2,"8":1,"9":1,"10":1,"11":1,"12":0,"13":0,"14":0,"15":0,"16":0,"17":0,"18":0,"19":0,"20":0,"21":0,"22":0,"23":0,"24":0,"25":0,"26":0,"27":0,"28":0,"29":0,"30":0,"31":0},"f":{"0":2,"1":0,"2":0,"3":0},"b":{"0":[1],"1":[0],"2":[0],"3":[0],"4":[0],"5":[0],"6":[0],"7":[0]}}
,"/Users/edgar/Projects/samples/parco/src/Parking/infra/gateway/psql/repoitory.ts": {"path":"/Users/edgar/Projects/samples/parco/src/Parking/infra/gateway/psql/repoitory.ts","statementMap":{"0":{"start":{"line":1,"column":0},"end":{"line":1,"column":56}},"1":{"start":{"line":4,"column":13},"end":{"line":13,"column":1}},"2":{"start":{"line":5,"column":2},"end":{"line":12,"column":null}},"3":{"start":{"line":6,"column":25},"end":{"line":6,"column":54}},"4":{"start":{"line":7,"column":4},"end":{"line":7,"column":null}},"5":{"start":{"line":8,"column":4},"end":{"line":8,"column":null}},"6":{"start":{"line":9,"column":4},"end":{"line":9,"column":null}},"7":{"start":{"line":11,"column":4},"end":{"line":11,"column":null}},"8":{"start":{"line":15,"column":13},"end":{"line":35,"column":1}},"9":{"start":{"line":16,"column":2},"end":{"line":34,"column":null}},"10":{"start":{"line":17,"column":24},"end":{"line":21,"column":6}},"11":{"start":{"line":23,"column":42},"end":{"line":29,"column":7}},"12":{"start":{"line":23,"column":77},"end":{"line":29,"column":6}},"13":{"start":{"line":31,"column":4},"end":{"line":31,"column":null}},"14":{"start":{"line":33,"column":4},"end":{"line":33,"column":null}},"15":{"start":{"line":37,"column":15},"end":{"line":56,"column":1}},"16":{"start":{"line":38,"column":2},"end":{"line":55,"column":null}},"17":{"start":{"line":39,"column":20},"end":{"line":39,"column":60}},"18":{"start":{"line":40,"column":4},"end":{"line":42,"column":null}},"19":{"start":{"line":41,"column":6},"end":{"line":41,"column":null}},"20":{"start":{"line":44,"column":39},"end":{"line":50,"column":null}},"21":{"start":{"line":52,"column":4},"end":{"line":52,"column":null}},"22":{"start":{"line":54,"column":4},"end":{"line":54,"column":null}},"23":{"start":{"line":58,"column":13},"end":{"line":82,"column":1}},"24":{"start":{"line":59,"column":2},"end":{"line":81,"column":null}},"25":{"start":{"line":60,"column":20},"end":{"line":60,"column":60}},"26":{"start":{"line":61,"column":4},"end":{"line":63,"column":null}},"27":{"start":{"line":62,"column":6},"end":{"line":62,"column":null}},"28":{"start":{"line":65,"column":4},"end":{"line":65,"column":null}},"29":{"start":{"line":66,"column":4},"end":{"line":66,"column":null}},"30":{"start":{"line":68,"column":4},"end":{"line":68,"column":null}},"31":{"start":{"line":70,"column":39},"end":{"line":76,"column":null}},"32":{"start":{"line":78,"column":4},"end":{"line":78,"column":null}},"33":{"start":{"line":80,"column":4},"end":{"line":80,"column":null}},"34":{"start":{"line":84,"column":13},"end":{"line":89,"column":null}}},"fnMap":{"0":{"name":"(anonymous_0)","decl":{"start":{"line":4,"column":13},"end":{"line":4,"column":18}},"loc":{"start":{"line":4,"column":64},"end":{"line":13,"column":1}}},"1":{"name":"(anonymous_1)","decl":{"start":{"line":15,"column":13},"end":{"line":15,"column":18}},"loc":{"start":{"line":15,"column":67},"end":{"line":35,"column":1}}},"2":{"name":"(anonymous_2)","decl":{"start":{"line":23,"column":58},"end":{"line":23,"column":59}},"loc":{"start":{"line":23,"column":77},"end":{"line":29,"column":6}}},"3":{"name":"(anonymous_3)","decl":{"start":{"line":37,"column":15},"end":{"line":37,"column":20}},"loc":{"start":{"line":37,"column":64},"end":{"line":56,"column":1}}},"4":{"name":"(anonymous_4)","decl":{"start":{"line":58,"column":13},"end":{"line":58,"column":18}},"loc":{"start":{"line":58,"column":96},"end":{"line":82,"column":1}}}},"branchMap":{"0":{"loc":{"start":{"line":40,"column":4},"end":{"line":42,"column":null}},"type":"if","locations":[{"start":{"line":40,"column":4},"end":{"line":42,"column":null}}]},"1":{"loc":{"start":{"line":61,"column":4},"end":{"line":63,"column":null}},"type":"if","locations":[{"start":{"line":61,"column":4},"end":{"line":63,"column":null}}]},"2":{"loc":{"start":{"line":65,"column":22},"end":{"line":65,"column":66}},"type":"cond-expr","locations":[{"start":{"line":65,"column":41},"end":{"line":65,"column":48}},{"start":{"line":65,"column":51},"end":{"line":65,"column":66}}]},"3":{"loc":{"start":{"line":66,"column":20},"end":{"line":66,"column":66}},"type":"cond-expr","locations":[{"start":{"line":66,"column":45},"end":{"line":66,"column":50}},{"start":{"line":66,"column":53},"end":{"line":66,"column":66}}]}},"s":{"0":1,"1":1,"2":0,"3":0,"4":0,"5":0,"6":0,"7":0,"8":1,"9":0,"10":0,"11":0,"12":0,"13":0,"14":0,"15":1,"16":0,"17":0,"18":0,"19":0,"20":0,"21":0,"22":0,"23":1,"24":0,"25":0,"26":0,"27":0,"28":0,"29":0,"30":0,"31":0,"32":0,"33":0,"34":1},"f":{"0":0,"1":0,"2":0,"3":0,"4":0},"b":{"0":[0],"1":[0],"2":[0,0],"3":[0,0]}}
,"/Users/edgar/Projects/samples/parco/src/infraestructure/main.ts": {"path":"/Users/edgar/Projects/samples/parco/src/infraestructure/main.ts","statementMap":{"0":{"start":{"line":1,"column":0},"end":{"line":1,"column":29}},"1":{"start":{"line":2,"column":0},"end":{"line":2,"column":45}},"2":{"start":{"line":4,"column":0},"end":{"line":4,"column":41}},"3":{"start":{"line":6,"column":0},"end":{"line":6,"column":33}},"4":{"start":{"line":7,"column":0},"end":{"line":7,"column":32}},"5":{"start":{"line":8,"column":0},"end":{"line":8,"column":48}},"6":{"start":{"line":10,"column":12},"end":{"line":10,"column":21}},"7":{"start":{"line":29,"column":16},"end":{"line":29,"column":19}},"8":{"start":{"line":12,"column":0},"end":{"line":19,"column":null}},"9":{"start":{"line":21,"column":14},"end":{"line":27,"column":1}},"10":{"start":{"line":22,"column":2},"end":{"line":22,"column":null}},"11":{"start":{"line":23,"column":2},"end":{"line":23,"column":null}},"12":{"start":{"line":24,"column":2},"end":{"line":26,"column":null}},"13":{"start":{"line":25,"column":4},"end":{"line":25,"column":null}},"14":{"start":{"line":29,"column":9},"end":{"line":29,"column":14}}},"fnMap":{"0":{"name":"(anonymous_1)","decl":{"start":{"line":21,"column":14},"end":{"line":21,"column":19}},"loc":{"start":{"line":21,"column":40},"end":{"line":27,"column":1}}},"1":{"name":"(anonymous_2)","decl":{"start":{"line":24,"column":33},"end":{"line":24,"column":36}},"loc":{"start":{"line":24,"column":38},"end":{"line":26,"column":3}}}},"branchMap":{},"s":{"0":1,"1":1,"2":1,"3":1,"4":1,"5":1,"6":1,"7":1,"8":1,"9":1,"10":0,"11":0,"12":0,"13":0,"14":1},"f":{"0":0,"1":0},"b":{}}
,"/Users/edgar/Projects/samples/parco/src/infraestructure/config/index.ts": {"path":"/Users/edgar/Projects/samples/parco/src/infraestructure/config/index.ts","statementMap":{"0":{"start":{"line":1,"column":15},"end":{"line":15,"column":null}},"1":{"start":{"line":17,"column":9},"end":{"line":17,"column":15}}},"fnMap":{},"branchMap":{},"s":{"0":2,"1":2},"f":{},"b":{}}
,"/Users/edgar/Projects/samples/parco/src/infraestructure/db/index.ts": {"path":"/Users/edgar/Projects/samples/parco/src/infraestructure/db/index.ts","statementMap":{"0":{"start":{"line":1,"column":0},"end":{"line":1,"column":28}},"1":{"start":{"line":2,"column":0},"end":{"line":2,"column":32}}},"fnMap":{},"branchMap":{},"s":{"0":2,"1":2},"f":{},"b":{}}
,"/Users/edgar/Projects/samples/parco/src/infraestructure/db/connection/index.ts": {"path":"/Users/edgar/Projects/samples/parco/src/infraestructure/db/connection/index.ts","statementMap":{"0":{"start":{"line":1,"column":0},"end":{"line":1,"column":37}},"1":{"start":{"line":3,"column":0},"end":{"line":3,"column":37}},"2":{"start":{"line":5,"column":13},"end":{"line":11,"column":null}}},"fnMap":{},"branchMap":{},"s":{"0":2,"1":2,"2":2},"f":{},"b":{}}
,"/Users/edgar/Projects/samples/parco/src/infraestructure/db/models/parking.ts": {"path":"/Users/edgar/Projects/samples/parco/src/infraestructure/db/models/parking.ts","statementMap":{"0":{"start":{"line":1,"column":0},"end":{"line":1,"column":37}},"1":{"start":{"line":3,"column":0},"end":{"line":3,"column":41}},"2":{"start":{"line":5,"column":0},"end":{"line":5,"column":null}},"3":{"start":{"line":6,"column":2},"end":{"line":6,"column":null}},"4":{"start":{"line":7,"column":2},"end":{"line":7,"column":null}},"5":{"start":{"line":8,"column":2},"end":{"line":8,"column":null}},"6":{"start":{"line":11,"column":13},"end":{"line":33,"column":null}}},"fnMap":{"0":{"name":"(anonymous_0)","decl":{"start":{"line":5,"column":0},"end":{"line":5,"column":5}},"loc":{"start":{"line":5,"column":16},"end":{"line":9,"column":1}}}},"branchMap":{"0":{"loc":{"start":{"line":5,"column":5},"end":{"line":5,"column":null}},"type":"binary-expr","locations":[{"start":{"line":5,"column":5},"end":{"line":5,"column":16}},{"start":{"line":5,"column":5},"end":{"line":5,"column":null}}]}},"s":{"0":2,"1":2,"2":2,"3":2,"4":2,"5":2,"6":2},"f":{"0":2},"b":{"0":[2,2]}}
,"/Users/edgar/Projects/samples/parco/src/infraestructure/graphql/schemas/index.ts": {"path":"/Users/edgar/Projects/samples/parco/src/infraestructure/graphql/schemas/index.ts","statementMap":{"0":{"start":{"line":1,"column":0},"end":{"line":1,"column":37}},"1":{"start":{"line":3,"column":0},"end":{"line":3,"column":151}},"2":{"start":{"line":5,"column":13},"end":{"line":17,"column":null}},"3":{"start":{"line":19,"column":13},"end":{"line":21,"column":null}}},"fnMap":{},"branchMap":{},"s":{"0":1,"1":1,"2":1,"3":1},"f":{},"b":{}}
,"/Users/edgar/Projects/samples/parco/src/shared/logger/index.ts": {"path":"/Users/edgar/Projects/samples/parco/src/shared/logger/index.ts","statementMap":{"0":{"start":{"line":1,"column":0},"end":{"line":1,"column":29}},"1":{"start":{"line":3,"column":15},"end":{"line":7,"column":2}},"2":{"start":{"line":13,"column":9},"end":{"line":13,"column":15}},"3":{"start":{"line":9,"column":0},"end":{"line":11,"column":null}}},"fnMap":{},"branchMap":{},"s":{"0":2,"1":2,"2":2,"3":2},"f":{},"b":{}}
,"/Users/edgar/Projects/samples/parco/src/shared/uuid/index.ts": {"path":"/Users/edgar/Projects/samples/parco/src/shared/uuid/index.ts","statementMap":{"0":{"start":{"line":1,"column":0},"end":{"line":1,"column":9}},"1":{"start":{"line":1,"column":9},"end":{"line":1,"column":21}}},"fnMap":{"0":{"name":"(anonymous_0)","decl":{"start":{"line":1,"column":9},"end":{"line":1,"column":11}},"loc":{"start":{"line":1,"column":9},"end":{"line":1,"column":21}}}},"branchMap":{},"s":{"0":2,"1":4},"f":{"0":2},"b":{}}
}
