{"/Users/edgar/Projects/samples/parco/src/Parking/domain/Parking.entity.ts": {"path":"/Users/edgar/Projects/samples/parco/src/Parking/domain/Parking.entity.ts","statementMap":{"0":{"start":{"line":1,"column":0},"end":{"line":1,"column":91}},"1":{"start":{"line":12,"column":2},"end":{"line":12,"column":null}},"2":{"start":{"line":13,"column":2},"end":{"line":13,"column":null}},"3":{"start":{"line":15,"column":2},"end":{"line":21,"column":null}},"4":{"start":{"line":11,"column":0},"end":{"line":11,"column":16}}},"fnMap":{"0":{"name":"ParkingLot","decl":{"start":{"line":11,"column":16},"end":{"line":11,"column":26}},"loc":{"start":{"line":11,"column":47},"end":{"line":22,"column":1}}}},"branchMap":{},"s":{"0":1,"1":3,"2":1,"3":1,"4":1},"f":{"0":3},"b":{}}
,"/Users/edgar/Projects/samples/parco/src/Parking/domain/ParkingType.ts": {"path":"/Users/edgar/Projects/samples/parco/src/Parking/domain/ParkingType.ts","statementMap":{"0":{"start":{"line":1,"column":18},"end":{"line":1,"column":22}},"1":{"start":{"line":2,"column":18},"end":{"line":2,"column":20}},"2":{"start":{"line":4,"column":0},"end":{"line":4,"column":null}},"3":{"start":{"line":5,"column":2},"end":{"line":5,"column":null}},"4":{"start":{"line":6,"column":2},"end":{"line":6,"column":null}},"5":{"start":{"line":7,"column":2},"end":{"line":7,"column":null}},"6":{"start":{"line":13,"column":2},"end":{"line":13,"column":null}},"7":{"start":{"line":13,"column":25},"end":{"line":13,"column":null}},"8":{"start":{"line":15,"column":2},"end":{"line":15,"column":null}},"9":{"start":{"line":15,"column":25},"end":{"line":15,"column":null}},"10":{"start":{"line":12,"column":0},"end":{"line":12,"column":16}},"11":{"start":{"line":19,"column":2},"end":{"line":19,"column":null}},"12":{"start":{"line":19,"column":57},"end":{"line":19,"column":null}},"13":{"start":{"line":18,"column":0},"end":{"line":18,"column":16}}},"fnMap":{"0":{"name":"(anonymous_0)","decl":{"start":{"line":4,"column":0},"end":{"line":4,"column":12}},"loc":{"start":{"line":4,"column":23},"end":{"line":8,"column":1}}},"1":{"name":"validateParkingSpots","decl":{"start":{"line":12,"column":16},"end":{"line":12,"column":36}},"loc":{"start":{"line":12,"column":51},"end":{"line":16,"column":1}}},"2":{"name":"validateParkingType","decl":{"start":{"line":18,"column":16},"end":{"line":18,"column":35}},"loc":{"start":{"line":18,"column":61},"end":{"line":20,"column":1}}}},"branchMap":{"0":{"loc":{"start":{"line":4,"column":12},"end":{"line":4,"column":null}},"type":"binary-expr","locations":[{"start":{"line":4,"column":12},"end":{"line":4,"column":23}},{"start":{"line":4,"column":23},"end":{"line":4,"column":null}}]},"1":{"loc":{"start":{"line":13,"column":2},"end":{"line":13,"column":null}},"type":"if","locations":[{"start":{"line":13,"column":2},"end":{"line":13,"column":null}}]},"2":{"loc":{"start":{"line":15,"column":2},"end":{"line":15,"column":null}},"type":"if","locations":[{"start":{"line":15,"column":2},"end":{"line":15,"column":null}}]},"3":{"loc":{"start":{"line":19,"column":2},"end":{"line":19,"column":null}},"type":"if","locations":[{"start":{"line":19,"column":2},"end":{"line":19,"column":null}}]}},"s":{"0":1,"1":1,"2":1,"3":1,"4":1,"5":1,"6":3,"7":1,"8":2,"9":1,"10":1,"11":1,"12":0,"13":1},"f":{"0":1,"1":3,"2":1},"b":{"0":[1,1],"1":[1],"2":[1],"3":[0]}}
,"/Users/edgar/Projects/samples/parco/src/Parking/domain/UserType.ts": {"path":"/Users/edgar/Projects/samples/parco/src/Parking/domain/UserType.ts","statementMap":{"0":{"start":{"line":1,"column":0},"end":{"line":1,"column":null}},"1":{"start":{"line":2,"column":2},"end":{"line":2,"column":null}},"2":{"start":{"line":3,"column":2},"end":{"line":3,"column":null}},"3":{"start":{"line":4,"column":2},"end":{"line":4,"column":null}},"4":{"start":{"line":10,"column":2},"end":{"line":10,"column":null}},"5":{"start":{"line":10,"column":55},"end":{"line":10,"column":null}},"6":{"start":{"line":9,"column":0},"end":{"line":9,"column":16}}},"fnMap":{"0":{"name":"(anonymous_0)","decl":{"start":{"line":1,"column":0},"end":{"line":1,"column":12}},"loc":{"start":{"line":1,"column":24},"end":{"line":5,"column":1}}},"1":{"name":"validateUserType","decl":{"start":{"line":9,"column":16},"end":{"line":9,"column":32}},"loc":{"start":{"line":9,"column":52},"end":{"line":11,"column":1}}}},"branchMap":{"0":{"loc":{"start":{"line":1,"column":12},"end":{"line":1,"column":null}},"type":"binary-expr","locations":[{"start":{"line":1,"column":12},"end":{"line":1,"column":24}},{"start":{"line":1,"column":24},"end":{"line":1,"column":null}}]},"1":{"loc":{"start":{"line":10,"column":2},"end":{"line":10,"column":null}},"type":"if","locations":[{"start":{"line":10,"column":2},"end":{"line":10,"column":null}}]}},"s":{"0":1,"1":1,"2":1,"3":1,"4":0,"5":0,"6":1},"f":{"0":1,"1":0},"b":{"0":[1,1],"1":[0]}}
,"/Users/edgar/Projects/samples/parco/src/Parking/domain/index.ts": {"path":"/Users/edgar/Projects/samples/parco/src/Parking/domain/index.ts","statementMap":{"0":{"start":{"line":1,"column":0},"end":{"line":1,"column":32}},"1":{"start":{"line":2,"column":0},"end":{"line":2,"column":29}},"2":{"start":{"line":3,"column":0},"end":{"line":3,"column":26}}},"fnMap":{},"branchMap":{},"s":{"0":1,"1":1,"2":1},"f":{},"b":{}}
}
