TN:
SF:src/Parking/application/ParkingUseCases.ts
FN:29,ParkingLotActions
FN:30,(anonymous_1)
FN:51,(anonymous_2)
FN:77,(anonymous_3)
FN:94,(anonymous_4)
FNF:5
FNH:2
FNDA:2,ParkingLotActions
FNDA:2,(anonymous_1)
FNDA:0,(anonymous_2)
FNDA:0,(anonymous_3)
FNDA:0,(anonymous_4)
DA:1,2
DA:2,2
DA:3,2
DA:29,2
DA:30,2
DA:31,2
DA:32,2
DA:39,2
DA:40,2
DA:41,2
DA:43,0
DA:51,2
DA:52,0
DA:53,0
DA:60,0
DA:62,0
DA:63,0
DA:68,0
DA:69,0
DA:77,2
DA:78,0
DA:79,0
DA:80,0
DA:82,0
DA:84,0
DA:86,0
DA:94,2
DA:95,0
DA:96,0
DA:97,0
DA:98,0
DA:105,0
DA:107,0
DA:108,0
DA:115,0
DA:117,0
DA:125,2
LF:37
LH:14
BRDA:97,0,0,0
BRDA:107,1,0,0
BRF:2
BRH:0
end_of_record
TN:
SF:src/Parking/application/index.ts
FNF:0
FNH:0
DA:1,1
LF:1
LH:1
BRF:0
BRH:0
end_of_record
TN:
SF:src/Parking/domain/Parking.entity.ts
FN:13,ParkingLot
FN:26,(anonymous_1)
FN:27,(anonymous_2)
FN:29,(anonymous_3)
FN:30,(anonymous_4)
FN:31,(anonymous_5)
FN:38,(anonymous_6)
FN:45,(anonymous_7)
FN:52,(anonymous_8)
FN:58,(anonymous_9)
FN:64,(anonymous_10)
FN:68,(anonymous_11)
FN:72,(anonymous_12)
FN:76,(anonymous_13)
FNF:14
FNH:1
FNDA:5,ParkingLot
FNDA:0,(anonymous_1)
FNDA:0,(anonymous_2)
FNDA:0,(anonymous_3)
FNDA:0,(anonymous_4)
FNDA:0,(anonymous_5)
FNDA:0,(anonymous_6)
FNDA:0,(anonymous_7)
FNDA:0,(anonymous_8)
FNDA:0,(anonymous_9)
FNDA:0,(anonymous_10)
FNDA:0,(anonymous_11)
FNDA:0,(anonymous_12)
FNDA:0,(anonymous_13)
DA:2,3
DA:3,3
DA:13,3
DA:14,5
DA:15,3
DA:17,3
DA:26,3
DA:27,0
DA:28,0
DA:29,0
DA:30,0
DA:31,0
DA:35,0
DA:38,0
DA:39,0
DA:40,0
DA:42,0
DA:45,0
DA:46,0
DA:47,0
DA:49,0
DA:52,0
DA:53,0
DA:54,0
DA:55,0
DA:58,0
DA:59,0
DA:60,0
DA:61,0
DA:64,0
DA:65,0
DA:68,0
DA:69,0
DA:72,0
DA:73,0
DA:76,0
DA:77,0
DA:80,0
LF:38
LH:7
BRDA:35,0,0,0
BRDA:35,0,1,0
BRDA:39,1,0,0
BRDA:40,2,0,0
BRDA:40,2,1,0
BRDA:46,3,0,0
BRDA:47,4,0,0
BRDA:47,4,1,0
BRDA:55,5,0,0
BRDA:55,5,1,0
BRDA:61,6,0,0
BRDA:61,6,1,0
BRF:12
BRH:0
end_of_record
TN:
SF:src/Parking/domain/ParkingType.ts
FN:4,(anonymous_0)
FN:12,validateParkingSpots
FN:18,validateParkingType
FNF:3
FNH:3
FNDA:3,(anonymous_0)
FNDA:5,validateParkingSpots
FNDA:3,validateParkingType
DA:1,3
DA:2,3
DA:4,3
DA:5,3
DA:6,3
DA:7,3
DA:12,3
DA:13,5
DA:15,4
DA:18,3
DA:19,3
LF:11
LH:11
BRDA:4,0,0,3
BRDA:4,0,1,3
BRDA:13,1,0,1
BRDA:15,2,0,1
BRDA:19,3,0,0
BRF:5
BRH:4
end_of_record
TN:
SF:src/Parking/domain/UserType.ts
FN:1,(anonymous_0)
FN:9,validateUserType
FNF:2
FNH:1
FNDA:3,(anonymous_0)
FNDA:0,validateUserType
DA:1,3
DA:2,3
DA:3,3
DA:4,3
DA:9,3
DA:10,0
LF:6
LH:5
BRDA:1,0,0,3
BRDA:1,0,1,3
BRDA:10,1,0,0
BRF:3
BRH:2
end_of_record
TN:
SF:src/Parking/domain/index.ts
FNF:0
FNH:0
DA:1,3
DA:2,3
DA:3,3
DA:4,3
LF:4
LH:4
BRF:0
BRH:0
end_of_record
TN:
SF:src/Parking/infra/gateway/ requestDTO.ts
FN:24,(anonymous_1)
FN:34,(anonymous_2)
FN:42,(anonymous_3)
FNF:3
FNH:1
FNDA:2,(anonymous_1)
FNDA:0,(anonymous_2)
FNDA:0,(anonymous_3)
DA:1,1
DA:3,1
DA:5,1
DA:12,1
DA:19,1
DA:24,1
DA:25,2
DA:27,2
DA:28,1
DA:31,1
DA:34,1
DA:35,0
DA:37,0
DA:39,0
DA:42,1
DA:43,0
DA:44,0
DA:46,0
LF:18
LH:12
BRDA:27,0,0,1
BRDA:37,1,0,0
BRDA:44,2,0,0
BRF:3
BRH:1
end_of_record
TN:
SF:src/Parking/infra/gateway/graphql/index.ts
FNF:0
FNH:0
DA:1,1
DA:2,1
LF:2
LH:2
BRF:0
BRH:0
end_of_record
TN:
SF:src/Parking/infra/gateway/graphql/query.ts
FNF:0
FNH:0
DA:1,1
DA:28,1
DA:32,1
DA:34,1
DA:36,1
LF:5
LH:5
BRF:0
BRH:0
end_of_record
TN:
SF:src/Parking/infra/gateway/graphql/resolvers.ts
FN:8,(anonymous_0)
FN:25,(anonymous_1)
FN:48,(anonymous_2)
FN:59,(anonymous_3)
FNF:4
FNH:1
FNDA:2,(anonymous_0)
FNDA:0,(anonymous_1)
FNDA:0,(anonymous_2)
FNDA:0,(anonymous_3)
DA:1,1
DA:2,1
DA:3,1
DA:5,1
DA:7,1
DA:9,2
DA:10,2
DA:12,2
DA:13,1
DA:16,1
DA:18,1
DA:22,1
DA:26,0
DA:27,0
DA:29,0
DA:30,0
DA:33,0
DA:40,0
DA:45,0
DA:49,0
DA:50,0
DA:52,0
DA:56,0
DA:60,0
DA:61,0
DA:63,0
DA:64,0
DA:71,0
DA:73,0
DA:74,0
DA:81,0
DA:86,0
LF:32
LH:12
BRDA:12,0,0,1
BRDA:25,1,0,0
BRDA:25,2,0,0
BRDA:25,3,0,0
BRDA:25,4,0,0
BRDA:29,5,0,0
BRDA:63,6,0,0
BRDA:73,7,0,0
BRF:8
BRH:1
end_of_record
TN:
SF:src/Parking/infra/gateway/psql/repoitory.ts
FN:4,(anonymous_0)
FN:15,(anonymous_1)
FN:23,(anonymous_2)
FN:37,(anonymous_3)
FN:58,(anonymous_4)
FNF:5
FNH:0
FNDA:0,(anonymous_0)
FNDA:0,(anonymous_1)
FNDA:0,(anonymous_2)
FNDA:0,(anonymous_3)
FNDA:0,(anonymous_4)
DA:1,1
DA:4,1
DA:5,0
DA:6,0
DA:7,0
DA:8,0
DA:9,0
DA:11,0
DA:15,1
DA:16,0
DA:17,0
DA:23,0
DA:31,0
DA:33,0
DA:37,1
DA:38,0
DA:39,0
DA:40,0
DA:41,0
DA:44,0
DA:52,0
DA:54,0
DA:58,1
DA:59,0
DA:60,0
DA:61,0
DA:62,0
DA:65,0
DA:66,0
DA:68,0
DA:70,0
DA:78,0
DA:80,0
DA:84,1
LF:34
LH:6
BRDA:40,0,0,0
BRDA:61,1,0,0
BRDA:65,2,0,0
BRDA:65,2,1,0
BRDA:66,3,0,0
BRDA:66,3,1,0
BRF:6
BRH:0
end_of_record
TN:
SF:src/infraestructure/main.ts
FN:21,(anonymous_1)
FN:24,(anonymous_2)
FNF:2
FNH:0
FNDA:0,(anonymous_1)
FNDA:0,(anonymous_2)
DA:1,1
DA:2,1
DA:4,1
DA:6,1
DA:7,1
DA:8,1
DA:10,1
DA:12,1
DA:21,1
DA:22,0
DA:23,0
DA:24,0
DA:25,0
DA:29,1
LF:14
LH:10
BRF:0
BRH:0
end_of_record
TN:
SF:src/infraestructure/config/index.ts
FNF:0
FNH:0
DA:1,2
DA:17,2
LF:2
LH:2
BRF:0
BRH:0
end_of_record
TN:
SF:src/infraestructure/db/index.ts
FNF:0
FNH:0
DA:1,2
DA:2,2
LF:2
LH:2
BRF:0
BRH:0
end_of_record
TN:
SF:src/infraestructure/db/connection/index.ts
FNF:0
FNH:0
DA:1,2
DA:3,2
DA:5,2
LF:3
LH:3
BRF:0
BRH:0
end_of_record
TN:
SF:src/infraestructure/db/models/parking.ts
FN:5,(anonymous_0)
FNF:1
FNH:1
FNDA:2,(anonymous_0)
DA:1,2
DA:3,2
DA:5,2
DA:6,2
DA:7,2
DA:8,2
DA:11,2
LF:7
LH:7
BRDA:5,0,0,2
BRDA:5,0,1,2
BRF:2
BRH:2
end_of_record
TN:
SF:src/infraestructure/graphql/schemas/index.ts
FNF:0
FNH:0
DA:1,1
DA:3,1
DA:5,1
DA:19,1
LF:4
LH:4
BRF:0
BRH:0
end_of_record
TN:
SF:src/shared/logger/index.ts
FNF:0
FNH:0
DA:1,2
DA:3,2
DA:9,2
DA:13,2
LF:4
LH:4
BRF:0
BRH:0
end_of_record
TN:
SF:src/shared/uuid/index.ts
FN:1,(anonymous_0)
FNF:1
FNH:1
FNDA:2,(anonymous_0)
DA:1,4
LF:1
LH:1
BRF:0
BRH:0
end_of_record
