TN:
SF:src/Parking/application/ParkingUseCases.ts
FN:11,ParkingLotActions
FN:12,(anonymous_1)
FN:29,(anonymous_2)
FN:33,(anonymous_3)
FNF:4
FNH:2
FNDA:2,ParkingLotActions
FNDA:2,(anonymous_1)
FNDA:0,(anonymous_2)
FNDA:0,(anonymous_3)
DA:1,2
DA:2,2
DA:11,2
DA:12,2
DA:13,2
DA:14,2
DA:21,2
DA:22,2
DA:23,2
DA:25,0
DA:29,2
DA:30,0
DA:33,2
DA:34,0
DA:37,2
LF:15
LH:12
BRF:0
BRH:0
end_of_record
TN:
SF:src/Parking/application/index.ts
FNF:0
FNH:0
DA:1,1
LF:1
LH:1
BRF:0
BRH:0
end_of_record
TN:
SF:src/Parking/domain/Parking.entity.ts
FN:11,ParkingLot
FNF:1
FNH:1
FNDA:5,ParkingLot
DA:1,4
DA:11,4
DA:12,5
DA:13,3
DA:15,3
LF:5
LH:5
BRF:0
BRH:0
end_of_record
TN:
SF:src/Parking/domain/ParkingType.ts
FN:4,(anonymous_0)
FN:12,validateParkingSpots
FN:18,validateParkingType
FNF:3
FNH:3
FNDA:4,(anonymous_0)
FNDA:5,validateParkingSpots
FNDA:3,validateParkingType
DA:1,4
DA:2,4
DA:4,4
DA:5,4
DA:6,4
DA:7,4
DA:12,4
DA:13,5
DA:15,4
DA:18,4
DA:19,3
LF:11
LH:11
BRDA:4,0,0,4
BRDA:4,0,1,4
BRDA:13,1,0,1
BRDA:15,2,0,1
BRDA:19,3,0,0
BRF:5
BRH:4
end_of_record
TN:
SF:src/Parking/domain/UserType.ts
FN:1,(anonymous_0)
FN:9,validateUserType
FNF:2
FNH:1
FNDA:4,(anonymous_0)
FNDA:0,validateUserType
DA:1,4
DA:2,4
DA:3,4
DA:4,4
DA:9,4
DA:10,0
LF:6
LH:5
BRDA:1,0,0,4
BRDA:1,0,1,4
BRDA:10,1,0,0
BRF:3
BRH:2
end_of_record
TN:
SF:src/Parking/domain/index.ts
FNF:0
FNH:0
DA:1,4
DA:2,4
DA:3,4
DA:4,4
LF:4
LH:4
BRF:0
BRH:0
end_of_record
TN:
SF:src/Parking/infra/gateway/ requestDTO.ts
FN:10,(anonymous_1)
FNF:1
FNH:1
FNDA:2,(anonymous_1)
DA:1,1
DA:3,1
DA:10,1
DA:11,2
DA:13,2
DA:14,1
LF:6
LH:6
BRDA:13,0,0,1
BRF:1
BRH:1
end_of_record
TN:
SF:src/Parking/infra/gateway/graphql/index.ts
FNF:0
FNH:0
DA:1,1
DA:2,1
LF:2
LH:2
BRF:0
BRH:0
end_of_record
TN:
SF:src/Parking/infra/gateway/graphql/query.ts
FNF:0
FNH:0
DA:1,1
DA:17,1
DA:19,1
LF:3
LH:3
BRF:0
BRH:0
end_of_record
TN:
SF:src/Parking/infra/gateway/graphql/resolvers.ts
FN:8,(anonymous_0)
FNF:1
FNH:1
FNDA:2,(anonymous_0)
DA:1,1
DA:2,1
DA:3,1
DA:5,1
DA:7,1
DA:9,2
DA:11,2
DA:12,1
DA:15,1
DA:17,1
LF:10
LH:10
BRDA:11,0,0,1
BRF:1
BRH:1
end_of_record
TN:
SF:src/Parking/infra/gateway/psql/repoitory.ts
FN:4,(anonymous_0)
FN:14,(anonymous_1)
FN:18,(anonymous_2)
FNF:3
FNH:0
FNDA:0,(anonymous_0)
FNDA:0,(anonymous_1)
FNDA:0,(anonymous_2)
DA:1,1
DA:2,1
DA:4,1
DA:5,0
DA:6,0
DA:7,0
DA:8,0
DA:10,0
DA:14,1
DA:15,0
DA:18,1
DA:19,0
DA:26,0
DA:29,1
LF:14
LH:6
BRF:0
BRH:0
end_of_record
TN:
SF:src/infraestructure/main.ts
FN:21,(anonymous_1)
FN:24,(anonymous_2)
FNF:2
FNH:0
FNDA:0,(anonymous_1)
FNDA:0,(anonymous_2)
DA:1,1
DA:2,1
DA:4,1
DA:6,1
DA:7,1
DA:8,1
DA:10,1
DA:12,1
DA:21,1
DA:22,0
DA:23,0
DA:24,0
DA:25,0
DA:29,1
LF:14
LH:10
BRF:0
BRH:0
end_of_record
TN:
SF:src/infraestructure/config/index.ts
FNF:0
FNH:0
DA:1,2
DA:17,2
LF:2
LH:2
BRF:0
BRH:0
end_of_record
TN:
SF:src/infraestructure/db/index.ts
FNF:0
FNH:0
DA:1,2
DA:2,2
LF:2
LH:2
BRF:0
BRH:0
end_of_record
TN:
SF:src/infraestructure/db/connection/index.ts
FNF:0
FNH:0
DA:1,2
DA:3,2
DA:5,2
LF:3
LH:3
BRF:0
BRH:0
end_of_record
TN:
SF:src/infraestructure/db/models/parking.ts
FN:5,(anonymous_0)
FNF:1
FNH:1
FNDA:2,(anonymous_0)
DA:1,2
DA:3,2
DA:5,2
DA:6,2
DA:7,2
DA:8,2
DA:11,2
LF:7
LH:7
BRDA:5,0,0,2
BRDA:5,0,1,2
BRF:2
BRH:2
end_of_record
TN:
SF:src/infraestructure/graphql/schemas/index.ts
FNF:0
FNH:0
DA:1,1
DA:3,1
DA:5,1
DA:17,1
LF:4
LH:4
BRF:0
BRH:0
end_of_record
TN:
SF:src/shared/logger/index.ts
FNF:0
FNH:0
DA:1,2
DA:3,2
DA:9,2
DA:13,2
LF:4
LH:4
BRF:0
BRH:0
end_of_record
